<?xml version="1.0" encoding="UTF-8"?>
<testng-results ignored="0" total="1" passed="1" failed="0" skipped="0">
  <reporter-output>
  </reporter-output>
  <suite started-at="2023-06-22T09:48:42 EET" name="Default suite" finished-at="2023-06-22T09:48:50 EET" duration-ms="8244">
    <groups>
    </groups>
    <test started-at="2023-06-22T09:48:42 EET" name="Default test" finished-at="2023-06-22T09:48:50 EET" duration-ms="8244">
      <class name="Assert">
        <test-method is-config="true" signature="this_is_before_test()[pri:0, instance:Assert@3cebbb30]" started-at="2023-06-22T09:48:42 EET" name="this_is_before_test" finished-at="2023-06-22T09:48:49 EET" duration-ms="6907" status="PASS">
          <reporter-output>
          </reporter-output>
        </test-method> <!-- this_is_before_test -->
        <test-method signature="select_currancy()[pri:7, instance:Assert@3cebbb30]" started-at="2023-06-22T09:48:49 EET" name="select_currancy" finished-at="2023-06-22T09:48:50 EET" duration-ms="1165" status="PASS">
          <reporter-output>
          </reporter-output>
        </test-method> <!-- select_currancy -->
        <test-method is-config="true" signature="this_is_after_test()[pri:0, instance:Assert@3cebbb30]" started-at="2023-06-22T09:48:50 EET" name="this_is_after_test" finished-at="2023-06-22T09:48:50 EET" duration-ms="112" status="PASS">
          <reporter-output>
          </reporter-output>
        </test-method> <!-- this_is_after_test -->
      </class> <!-- Assert -->
    </test> <!-- Default test -->
  </suite> <!-- Default suite -->
</testng-results>
